Array
(
    [receiver_id] => 4
    [message] => fre               
)
Array
(
)
Array
(
)
Array
(
)
Array
(
)
Array
(
)
Array
(
)
Array
(
)
Array
(
)
Array
(
)
Array
(
)
Array
(
)
Array
(
)
Array
(
)
Array
(
)
Array
(
)
Array
(
)
Array
(
)
Array
(
)
Array
(
)
Array
(
    [receiver_id] => 4
    [message] => sq
)
Array
(
    [file] => Array
        (
            [name] => Screenshot (4).png
            [type] => image/png
            [tmp_name] => C:\xampp\tmp\php32A1.tmp
            [error] => 0
            [size] => 191377
        )

)
Array
(
)
Array
(
)
Array
(
)
Array
(
)
Array
(
)
Array
(
)
Array
(
)
Array
(
)
Array
(
)
Array
(
)
Array
(
    [receiver_id] => 4
    [message] =>               bt              
)
Array
(
    [file] => Array
        (
            [name] => a_merged.pdf
            [type] => application/pdf
            [tmp_name] => C:\xampp\tmp\phpE331.tmp
            [error] => 0
            [size] => 6663890
        )

)
Array
(
    [receiver_id] => 1
    [message] => hi reyansh i am sending you the screen short 
)
Array
(
    [file] => Array
        (
            [name] => Screenshot (82).png
            [type] => image/png
            [tmp_name] => C:\xampp\tmp\phpCA74.tmp
            [error] => 0
            [size] => 8176
        )

)
Array
(
    [receiver_id] => 4
    [message] => hey alkaðŸ˜
)
Array
(
)
Array
(
    [receiver_id] => 4
    [message] => ðŸ˜œ hy
       
)
Array
(
)
Array
(
    [receiver_id] => 3
    [message] => hiii bro
)
Array
(
)
Array
(
    [receiver_id] => 3
    [message] => 
)
Array
(
)
Array
(
)
Array
(
)
Array
(
    [receiver_id] => 4
    [message] => hy
)
Array
(
)
Array
(
)
Array
(
)
Array
(
    [receiver_id] => 3
    [message] => 
)
Array
(
    [file] => Array
        (
            [name] => book2.docx
            [type] => application/vnd.openxmlformats-officedocument.wordprocessingml.document
            [tmp_name] => C:\xampp\tmp\php8739.tmp
            [error] => 0
            [size] => 20480
        )

)
Array
(
    [receiver_id] => 3
    [message] => 
)
Array
(
    [file] => Array
        (
            [name] => O Mahi O Mahi(PagalWorld.com.sb).mp3
            [type] => audio/mpeg
            [tmp_name] => C:\xampp\tmp\php725C.tmp
            [error] => 0
            [size] => 3768445
        )

)
Array
(
    [receiver_id] => 4
    [message] => hy
)
Array
(
)
Array
(
    [receiver_id] => 3
    [message] => nice
)
Array
(
)
Array
(
    [receiver_id] => 4
    [message] => ðŸ˜ðŸ˜
)
Array
(
)
Array
(
    [receiver_id] => 3
    [message] => niceðŸ˜
)
Array
(
)
Array
(
    [receiver_id] => 3
    [message] => nikl
)
Array
(
)
Array
(
    [receiver_id] => 4
    [message] => tu nikl
)
Array
(
)
Array
(
    [receiver_id] => 3
    [message] => ok


)
Array
(
)
